<?xml version="1.0" encoding="UTF-8"?>
<testng-results skipped="0" failed="0" ignored="0" total="1" passed="1">
  <reporter-output>
  </reporter-output>
  <suite name="Default suite" duration-ms="52339" started-at="2018-12-21T17:06:37Z" finished-at="2018-12-21T17:07:30Z">
    <groups>
    </groups>
    <test name="Default test" duration-ms="52339" started-at="2018-12-21T17:06:37Z" finished-at="2018-12-21T17:07:30Z">
      <class name="com.crm.base.MakeMyTrip">
        <test-method status="PASS" signature="TripDetails()[pri:0, instance:com.crm.base.MakeMyTrip@5e3a8624]" name="TripDetails" duration-ms="52188" started-at="2018-12-21T17:06:38Z" finished-at="2018-12-21T17:07:30Z">
          <reporter-output>
          </reporter-output>
        </test-method> <!-- TripDetails -->
      </class> <!-- com.crm.base.MakeMyTrip -->
    </test> <!-- Default test -->
  </suite> <!-- Default suite -->
</testng-results>
